<?xml version="1.0" encoding="UTF-8"?>
<!-- Generated by org.testng.reporters.JUnitReportReporter -->
<testsuite skipped="1" hostname="DESKTOP-IBOMO1V" name="Org.qsp.TestNGDemo.Demo3" tests="5" failures="0" timestamp="2020-07-31T11:04:14 IST" time="0.034" errors="0">
  <testcase name="m4" time="0.020" classname="Org.qsp.TestNGDemo.Demo3"/>
  <system-out>
Home.....  </system-out>
  <testcase name="m1" time="0.001" classname="Org.qsp.TestNGDemo.Demo3"/>
  <system-out>
Hiiii....  </system-out>
  <testcase name="m1" time="0.002" classname="Org.qsp.TestNGDemo.Demo3"/>
  <system-out>
Hiiii....  </system-out>
  <testcase name="m1" time="0.011" classname="Org.qsp.TestNGDemo.Demo3"/>
  <system-out>
Hiiii....  </system-out>
  <testcase name="m3" classname="Org.qsp.TestNGDemo.Demo3">
    <skipped/>
  </testcase> <!-- m3 -->
  <system-out/>
</testsuite> <!-- Org.qsp.TestNGDemo.Demo3 -->
