<?xml version="1.0" encoding="UTF-8"?>
<!-- Generated by org.testng.reporters.JUnitReportReporter -->
<testsuite skipped="0" hostname="DESKTOP-IBOMO1V" name="Org.qsp.TestNGDemo.ActitimePNTestcase" tests="2" failures="0" timestamp="2020-07-27T11:40:35 IST" time="39.008" errors="0">
  <testcase name="m1" time="19.949" classname="Org.qsp.TestNGDemo.ActitimePNTestcase"/>
  <system-out>
+ve  </system-out>
  <testcase name="m2" time="19.059" classname="Org.qsp.TestNGDemo.ActitimePNTestcase"/>
  <system-out>
-ve  </system-out>
</testsuite> <!-- Org.qsp.TestNGDemo.ActitimePNTestcase -->
