<?xml version="1.0" encoding="UTF-8"?>
<!-- Generated by org.testng.reporters.JUnitReportReporter -->
<testsuite skipped="0" hostname="DESKTOP-IBOMO1V" name="Org.qsp.TestNGDemo.DemoTestNG1" tests="2" failures="0" timestamp="2020-07-24T11:42:14 IST" time="23.979" errors="0">
  <testcase name="m1" time="23.977" classname="Org.qsp.TestNGDemo.DemoTestNG1"/>
  <system-out>
Hey!!!!!  </system-out>
  <testcase name="m2" time="0.002" classname="Org.qsp.TestNGDemo.DemoTestNG1"/>
  <system-out/>
</testsuite> <!-- Org.qsp.TestNGDemo.DemoTestNG1 -->
