<?xml version="1.0" encoding="UTF-8"?>
<!-- Generated by org.testng.reporters.JUnitReportReporter -->
<testsuite skipped="0" hostname="DESKTOP-IBOMO1V" name="Org.qsp.Flipkart.Miphone" tests="1" failures="0" timestamp="2020-07-25T09:10:18 IST" time="20.093" errors="0">
  <testcase name="m1" time="20.093" classname="Org.qsp.Flipkart.Miphone"/>
  <system-out/>
</testsuite> <!-- Org.qsp.Flipkart.Miphone -->
