<?xml version="1.0" encoding="UTF-8"?>
<!-- Generated by org.testng.reporters.JUnitReportReporter -->
<testsuite skipped="0" hostname="DESKTOP-IBOMO1V" name="PrecedingUladder" tests="1" failures="0" timestamp="2020-07-25T02:19:41 IST" time="34.307" errors="0">
  <testcase name="m1" time="34.307" classname="PrecedingUladder"/>
  <system-out/>
</testsuite> <!-- PrecedingUladder -->
