<?xml version="1.0" encoding="UTF-8"?>
<!-- Generated by org.testng.reporters.JUnitReportReporter -->
<testsuite skipped="0" hostname="DESKTOP-IBOMO1V" name="Org.qsp.TestNGDemo.Demo5" tests="3" failures="0" timestamp="2020-07-29T10:03:43 IST" time="0.015" errors="0">
  <testcase name="m2" time="0.012" classname="Org.qsp.TestNGDemo.Demo5"/>
  <system-out>
Hiii....2  </system-out>
  <testcase name="m1" time="0.002" classname="Org.qsp.TestNGDemo.Demo5"/>
  <system-out>
Hiii....1  </system-out>
  <testcase name="m3" time="0.001" classname="Org.qsp.TestNGDemo.Demo5"/>
  <system-out>
Hiii....3  </system-out>
</testsuite> <!-- Org.qsp.TestNGDemo.Demo5 -->
