<?xml version="1.0" encoding="UTF-8"?>
<!-- Generated by org.testng.reporters.JUnitReportReporter -->
<testsuite skipped="0" hostname="DESKTOP-IBOMO1V" name="AncestorUladder" tests="1" failures="0" timestamp="2020-07-25T01:54:41 IST" time="36.788" errors="0">
  <testcase name="m1" time="36.788" classname="AncestorUladder"/>
  <system-out/>
</testsuite> <!-- AncestorUladder -->
