<?xml version="1.0" encoding="UTF-8"?>
<!-- Generated by org.testng.reporters.JUnitReportReporter -->
<testsuite skipped="0" hostname="DESKTOP-IBOMO1V" name="PrecedingSiblingUl" tests="1" failures="0" timestamp="2020-07-25T02:23:17 IST" time="35.620" errors="0">
  <testcase name="m1" time="35.620" classname="PrecedingSiblingUl"/>
  <system-out/>
</testsuite> <!-- PrecedingSiblingUl -->
