<?xml version="1.0" encoding="UTF-8"?>
<!-- Generated by org.testng.reporters.JUnitReportReporter -->
<testsuite skipped="0" hostname="DESKTOP-IBOMO1V" name="FollowingUladder" tests="1" failures="0" timestamp="2020-07-25T02:06:41 IST" time="33.022" errors="0">
  <testcase name="m1" time="33.022" classname="FollowingUladder"/>
  <system-out/>
</testsuite> <!-- FollowingUladder -->
