<?xml version="1.0" encoding="UTF-8"?>
<!-- Generated by org.testng.reporters.JUnitReportReporter -->
<testsuite skipped="0" hostname="DESKTOP-IBOMO1V" name="Org.qsp.Xpath.FollowingSiblingUl" tests="1" failures="0" timestamp="2020-07-25T10:45:42 IST" time="24.911" errors="0">
  <testcase name="m1" time="24.911" classname="Org.qsp.Xpath.FollowingSiblingUl"/>
  <system-out/>
</testsuite> <!-- Org.qsp.Xpath.FollowingSiblingUl -->
