<?xml version="1.0" encoding="UTF-8"?>
<!-- Generated by org.testng.reporters.JUnitReportReporter -->
<testsuite skipped="0" hostname="DESKTOP-IBOMO1V" name="FollowingSiblingUl" tests="1" failures="0" timestamp="2020-07-25T02:11:34 IST" time="33.169" errors="0">
  <testcase name="m1" time="33.169" classname="FollowingSiblingUl"/>
  <system-out/>
</testsuite> <!-- FollowingSiblingUl -->
