<?xml version="1.0" encoding="UTF-8"?>
<!-- Generated by org.testng.reporters.JUnitReportReporter -->
<testsuite skipped="0" hostname="DESKTOP-IBOMO1V" name="parentUladder" tests="1" failures="0" timestamp="2020-07-25T02:14:58 IST" time="32.563" errors="0">
  <testcase name="m1" time="32.563" classname="parentUladder"/>
  <system-out/>
</testsuite> <!-- parentUladder -->
