<?xml version="1.0" encoding="UTF-8"?>
<!-- Generated by org.testng.reporters.JUnitReportReporter -->
<testsuite skipped="0" hostname="DESKTOP-IBOMO1V" name="Org.qsp.Xpath.DescendantUladder" tests="1" failures="0" timestamp="2020-07-25T10:36:21 IST" time="28.658" errors="0">
  <testcase name="m1" time="28.658" classname="Org.qsp.Xpath.DescendantUladder"/>
  <system-out/>
</testsuite> <!-- Org.qsp.Xpath.DescendantUladder -->
