<?xml version="1.0" encoding="UTF-8"?>
<!-- Generated by org.testng.reporters.JUnitReportReporter -->
<testsuite skipped="0" hostname="DESKTOP-IBOMO1V" name="DescendantUladder" tests="1" failures="0" timestamp="2020-07-25T01:59:08 IST" time="35.833" errors="0">
  <testcase name="m1" time="35.833" classname="DescendantUladder"/>
  <system-out/>
</testsuite> <!-- DescendantUladder -->
