<?xml version="1.0" encoding="UTF-8"?>
<!-- Generated by org.testng.reporters.JUnitReportReporter -->
<testsuite skipped="0" hostname="DESKTOP-IBOMO1V" name="Org.qsp.TestNGDemo.ParallelClass1" tests="1" failures="0" timestamp="2020-07-31T11:01:11 IST" time="0.010" errors="0">
  <testcase name="m1" time="0.010" classname="Org.qsp.TestNGDemo.ParallelClass1"/>
  <system-out/>
</testsuite> <!-- Org.qsp.TestNGDemo.ParallelClass1 -->
