<?xml version="1.0" encoding="UTF-8"?>
<!-- Generated by org.testng.reporters.JUnitReportReporter -->
<testsuite skipped="0" hostname="DESKTOP-IBOMO1V" name="Org.qsp.TestNGDemo.Demo4" tests="7" failures="0" timestamp="2020-07-28T11:32:49 IST" time="0.033" errors="0">
  <testcase name="m2" time="0.002" classname="Org.qsp.TestNGDemo.Demo4"/>
  <system-out>
Hiiiii......2  </system-out>
  <testcase name="m7" time="0.003" classname="Org.qsp.TestNGDemo.Demo4"/>
  <system-out>
Hiiiii......7  </system-out>
  <testcase name="m6" time="0.005" classname="Org.qsp.TestNGDemo.Demo4"/>
  <system-out>
Hiiiii......6  </system-out>
  <testcase name="m4" time="0.002" classname="Org.qsp.TestNGDemo.Demo4"/>
  <system-out>
Hiiiii......4  </system-out>
  <testcase name="m1" time="0.012" classname="Org.qsp.TestNGDemo.Demo4"/>
  <system-out>
Hiiiii......1  </system-out>
  <testcase name="m3" time="0.005" classname="Org.qsp.TestNGDemo.Demo4"/>
  <system-out>
Hiiiii......3  </system-out>
  <testcase name="m5" time="0.004" classname="Org.qsp.TestNGDemo.Demo4"/>
  <system-out>
Hiiiii......5  </system-out>
</testsuite> <!-- Org.qsp.TestNGDemo.Demo4 -->
