<?xml version="1.0" encoding="UTF-8"?>
<!-- Generated by org.testng.reporters.JUnitReportReporter -->
<testsuite skipped="0" hostname="DESKTOP-IBOMO1V" name="Org.qsp.TestNGDemo.ParallelMethods1" tests="2" failures="0" timestamp="2020-07-31T11:29:59 IST" time="38.774" errors="0">
  <testcase name="m2" time="20.475" classname="Org.qsp.TestNGDemo.ParallelMethods1"/>
  <system-out/>
  <testcase name="m1" time="18.299" classname="Org.qsp.TestNGDemo.ParallelMethods1"/>
  <system-out/>
</testsuite> <!-- Org.qsp.TestNGDemo.ParallelMethods1 -->
