<?xml version="1.0" encoding="UTF-8"?>
<!-- Generated by org.testng.reporters.JUnitReportReporter -->
<testsuite skipped="0" hostname="DESKTOP-IBOMO1V" name="Org.qsp.TestNGDemo.DataProvider2" tests="3" failures="0" timestamp="2020-07-30T10:34:22 IST" time="0.012" errors="0">
  <testcase name="m1" time="0.008" classname="Org.qsp.TestNGDemo.DataProvider2"/>
  <system-out>
Divya divya@123 admin@gmail.com  </system-out>
  <testcase name="m1" time="0.002" classname="Org.qsp.TestNGDemo.DataProvider2"/>
  <system-out>
admin manager null  </system-out>
  <testcase name="m1" time="0.002" classname="Org.qsp.TestNGDemo.DataProvider2"/>
  <system-out>
Alia alia@123 null  </system-out>
</testsuite> <!-- Org.qsp.TestNGDemo.DataProvider2 -->
