<?xml version="1.0" encoding="UTF-8"?>
<!-- Generated by org.testng.reporters.JUnitReportReporter -->
<testsuite skipped="0" hostname="DESKTOP-IBOMO1V" name="Org.qsp.TestNGDemo.Demo2" tests="3" failures="0" timestamp="2020-07-31T11:04:14 IST" time="0.031" errors="0">
  <testcase name="m3" time="0.020" classname="Org.qsp.TestNGDemo.Demo2"/>
  <system-out>
Hiiiiii.........3  </system-out>
  <testcase name="m2" time="0.008" classname="Org.qsp.TestNGDemo.Demo2"/>
  <system-out>
Hiiiiii.........2  </system-out>
  <testcase name="m1" time="0.003" classname="Org.qsp.TestNGDemo.Demo2"/>
  <system-out>
Hiiiiii......1  </system-out>
</testsuite> <!-- Org.qsp.TestNGDemo.Demo2 -->
