<?xml version="1.0" encoding="UTF-8"?>
<!-- Generated by org.testng.reporters.JUnitReportReporter -->
<testsuite skipped="0" hostname="DESKTOP-IBOMO1V" name="Org.qsp.TestNGDemo.DataProvider1" tests="3" failures="0" timestamp="2020-07-30T10:23:43 IST" time="0.011" errors="0">
  <testcase name="m1" time="0.007" classname="Org.qsp.TestNGDemo.DataProvider1"/>
  <system-out>
admin1 manager1  </system-out>
  <testcase name="m1" time="0.001" classname="Org.qsp.TestNGDemo.DataProvider1"/>
  <system-out>
admin3 manager3  </system-out>
  <testcase name="m1" time="0.003" classname="Org.qsp.TestNGDemo.DataProvider1"/>
  <system-out>
admin2 manager2  </system-out>
</testsuite> <!-- Org.qsp.TestNGDemo.DataProvider1 -->
