<?xml version="1.0" encoding="UTF-8"?>
<!-- Generated by org.testng.reporters.JUnitReportReporter -->
<testsuite skipped="0" hostname="DESKTOP-IBOMO1V" name="Org.qsp.TestNGDemo.AssertDemo3" tests="1" failures="0" timestamp="2020-07-31T10:51:51 IST" time="0.011" errors="0">
  <testcase name="m1" time="0.011" classname="Org.qsp.TestNGDemo.AssertDemo3"/>
  <system-out/>
</testsuite> <!-- Org.qsp.TestNGDemo.AssertDemo3 -->
