<?xml version="1.0" encoding="UTF-8"?>
<!-- Generated by org.testng.reporters.JUnitReportReporter -->
<testsuite skipped="0" hostname="DESKTOP-IBOMO1V" name="Org.qsp.Xpath.AncestorUladder" tests="1" failures="0" timestamp="2020-07-25T10:31:15 IST" time="31.233" errors="0">
  <testcase name="m1" time="31.233" classname="Org.qsp.Xpath.AncestorUladder"/>
  <system-out/>
</testsuite> <!-- Org.qsp.Xpath.AncestorUladder -->
